12/1/2021 11:49:43 PM	This log contains information about the import schema operation into project 'EmployeeDB' on computer 'GIAO5FS' by user 'giao5fs'.
12/1/2021 11:49:44 PM	Import of database schema has started.
12/1/2021 11:49:47 PM	Gathering database options
12/1/2021 11:49:47 PM	Gathering users
12/1/2021 11:49:47 PM	Gathering roles
12/1/2021 11:49:47 PM	Gathering application roles
12/1/2021 11:49:47 PM	Gathering role memberships
12/1/2021 11:49:47 PM	Gathering filegroups
12/1/2021 11:49:47 PM	Gathering full-text catalogs
12/1/2021 11:49:47 PM	Gathering assemblies
12/1/2021 11:49:47 PM	Gathering certificates
12/1/2021 11:49:47 PM	Gathering asymmetric keys
12/1/2021 11:49:47 PM	Gathering symmetric keys
12/1/2021 11:49:47 PM	Gathering encrypted symmetric keys
12/1/2021 11:49:47 PM	Gathering schemas
12/1/2021 11:49:47 PM	Gathering XML schema collections
12/1/2021 11:49:47 PM	Gathering user-defined data types
12/1/2021 11:49:47 PM	Gathering user-defined types
12/1/2021 11:49:47 PM	Gathering table types
12/1/2021 11:49:47 PM	Gathering unique keys for table types
12/1/2021 11:49:47 PM	Gathering primary keys for table types
12/1/2021 11:49:47 PM	Gathering indexes for table types
12/1/2021 11:49:47 PM	Gathering check constraints for table types
12/1/2021 11:49:47 PM	Gathering default constraints for table types
12/1/2021 11:49:47 PM	Gathering partition functions
12/1/2021 11:49:47 PM	Gathering partition schemes
12/1/2021 11:49:47 PM	Gathering functions
12/1/2021 11:49:47 PM	Gathering encrypted functions
12/1/2021 11:49:47 PM	Gathering aggregates
12/1/2021 11:49:47 PM	Gathering procedures
12/1/2021 11:49:47 PM	Gathering encrypted procedures
12/1/2021 11:49:47 PM	Gathering tables
12/1/2021 11:49:47 PM	Gathering primary keys
12/1/2021 11:49:47 PM	Gathering unique constraints
12/1/2021 11:49:47 PM	Gathering foreign keys
12/1/2021 11:49:47 PM	Gathering default constraints
12/1/2021 11:49:47 PM	Gathering check constraints
12/1/2021 11:49:47 PM	Gathering views
12/1/2021 11:49:47 PM	Gathering encrypted views
12/1/2021 11:49:47 PM	Gathering indexes
12/1/2021 11:49:47 PM	Gathering statistics
12/1/2021 11:49:48 PM	Gathering full-text index stoplists
12/1/2021 11:49:48 PM	Gathering search property lists
12/1/2021 11:49:48 PM	Gathering search properties
12/1/2021 11:49:48 PM	Gathering full-text indexes
12/1/2021 11:49:48 PM	Gathering column store indexes
12/1/2021 11:49:48 PM	Gathering spatial indexes
12/1/2021 11:49:48 PM	Gathering XML indexes
12/1/2021 11:49:48 PM	Gathering Selective XML indexes
12/1/2021 11:49:48 PM	Gathering encrypted triggers
12/1/2021 11:49:48 PM	Gathering triggers
12/1/2021 11:49:48 PM	Gathering encrypted and clr ddl triggers
12/1/2021 11:49:48 PM	Gathering ddl triggers
12/1/2021 11:49:48 PM	Gathering synonyms
12/1/2021 11:49:48 PM	Gathering defaults
12/1/2021 11:49:48 PM	Gathering data constraint uddt bindings
12/1/2021 11:49:48 PM	Gathering rules
12/1/2021 11:49:48 PM	Gathering data constraint uddt bindings
12/1/2021 11:49:48 PM	Gathering message types
12/1/2021 11:49:48 PM	Gathering queues
12/1/2021 11:49:48 PM	Gathering contracts
12/1/2021 11:49:48 PM	Gathering services
12/1/2021 11:49:48 PM	Gathering event notifications
12/1/2021 11:49:48 PM	Gathering remote service bindings
12/1/2021 11:49:48 PM	Gathering broker priorities
12/1/2021 11:49:48 PM	Gathering signatures
12/1/2021 11:49:48 PM	Gathering data compression options
12/1/2021 11:49:48 PM	Gathering sequence types
12/1/2021 11:49:48 PM	Gathering extended properties
12/1/2021 11:49:49 PM	Gathering credentials
12/1/2021 11:49:49 PM	Gathering logins
12/1/2021 11:49:49 PM	Gathering server audits
12/1/2021 11:49:49 PM	Scanning project for duplicate elements
12/1/2021 11:49:49 PM	Finished duplicate element processing
12/1/2021 11:49:50 PM	Finished importing database.
12/1/2021 11:49:50 PM	A summary of the import was saved to the following location: C:\Users\giao5\source\repos\Console\EmployeeDB\Import Schema Logs\EmployeeDB_20211201044943.log
12/1/2021 11:49:50 PM	Click Finish to continue...
